<?xml version="1.0" encoding="UTF-8"?>
<testng-results skipped="0" failed="0" total="1" passed="1">
  <reporter-output>
  </reporter-output>
  <suite name="Default suite" duration-ms="67" started-at="2020-12-15T12:23:59Z" finished-at="2020-12-15T12:23:59Z">
    <groups>
    </groups>
    <test name="Default test" duration-ms="67" started-at="2020-12-15T12:23:59Z" finished-at="2020-12-15T12:23:59Z">
      <class name="com.automation.aws.utility.ConfigFileReader">
        <test-method status="PASS" signature="ReadConfigProperty()[pri:0, instance:com.automation.aws.utility.ConfigFileReader@3d680b5a]" name="ReadConfigProperty" duration-ms="32" started-at="2020-12-15T17:53:59Z" finished-at="2020-12-15T17:53:59Z">
          <reporter-output>
          </reporter-output>
        </test-method> <!-- ReadConfigProperty -->
      </class> <!-- com.automation.aws.utility.ConfigFileReader -->
    </test> <!-- Default test -->
  </suite> <!-- Default suite -->
</testng-results>
