<?xml version="1.0" encoding="UTF-8"?>
<!-- Generated by org.testng.reporters.JUnitReportReporter -->
<testsuite hostname="L-156171806" name="com.automation.aws.testing.test.Input_Output_File" tests="4" failures="0" timestamp="10 Mar 2020 13:53:11 GMT" time="0.366" errors="0">
  <testcase name="fileInformation" time="0.003" classname="com.automation.aws.testing.test.Input_Output_File"/>
  <testcase name="read" time="0.342" classname="com.automation.aws.testing.test.Input_Output_File"/>
  <testcase name="write" time="0.016" classname="com.automation.aws.testing.test.Input_Output_File"/>
  <testcase name="createFile" time="0.005" classname="com.automation.aws.testing.test.Input_Output_File"/>
</testsuite> <!-- com.automation.aws.testing.test.Input_Output_File -->
